bld_wdr/dripmem.obj: dripmem.c\
	dripmem.h

bld_wdr/stdmem.obj: stdmem.c\
	c:/work/brender/inc/actor.h\
	c:/work/brender/inc/angles.h\
	c:/work/brender/inc/assoca_p.h\
	c:/work/brender/inc/assocarr.h\
	c:/work/brender/inc/brdiag.h\
	c:/work/brender/inc/brender.h\
	c:/work/brender/inc/brerror.h\
	c:/work/brender/inc/brfile.h\
	c:/work/brender/inc/brfont.h\
	c:/work/brender/inc/brlimits.h\
	c:/work/brender/inc/brlists.h\
	c:/work/brender/inc/brmem.h\
	c:/work/brender/inc/brstdlib.h\
	c:/work/brender/inc/brv1db.h\
	c:/work/brender/inc/brvector.h\
	c:/work/brender/inc/camera.h\
	c:/work/brender/inc/colour.h\
	c:/work/brender/inc/compend.h\
	c:/work/brender/inc/compiler.h\
	c:/work/brender/inc/custsupt.h\
	c:/work/brender/inc/fixed.h\
	c:/work/brender/inc/fmt.h\
	c:/work/brender/inc/fmt_p.h\
	c:/work/brender/inc/fw_p.h\
	c:/work/brender/inc/g386ifix.h\
	c:/work/brender/inc/light.h\
	c:/work/brender/inc/material.h\
	c:/work/brender/inc/math_p.h\
	c:/work/brender/inc/math_x.h\
	c:/work/brender/inc/matrix.h\
	c:/work/brender/inc/model.h\
	c:/work/brender/inc/mscifix.h\
	c:/work/brender/inc/mscimath.h\
	c:/work/brender/inc/order.h\
	c:/work/brender/inc/pixelmap.h\
	c:/work/brender/inc/pm_p.h\
	c:/work/brender/inc/pool.h\
	c:/work/brender/inc/pretok.h\
	c:/work/brender/inc/proifix.h\
	c:/work/brender/inc/quat.h\
	c:/work/brender/inc/render.h\
	c:/work/brender/inc/scalar.h\
	c:/work/brender/inc/syscn_p.h\
	c:/work/brender/inc/token.h\
	c:/work/brender/inc/transfrm.h\
	c:/work/brender/inc/v1db_p.h\
	c:/work/brender/inc/vecfns.h\
	c:/work/brender/inc/wtcifix.h\
	dripmem.h

