37
bld_wdr/exists
0
798608046
4102673148
dripmem.h
0
798608046
3703567803
c:\work\brender\ddi_inc/dripmem.h
0
798608046
813802224
includes
0
798608046
1412275469
dripmem.c
0
798608046
3703567798
bld_wdr/dripmem.obj
0
798608046
3043884254
stdmem.c
0
798608046
1861413841
bld_wdr/stdmem.obj
0
798608046
3325032751
c:\work\brender\ddi_lib/dripwdr.lib
0
798608046
1411340288
target
0
798608046
1367324091
default
0
798608046
2591063706
depend
1
798608046
2132514085
depend
2
798608046
3929113387
depend
0
798608046
2132514084
all
0
798608046
800236266
